0 info it worked if it ends with ok
1 verbose cli [ '/usr/local/bin/node', '/usr/local/bin/npm', 'start' ]
2 info using npm@4.0.5
3 info using node@v7.4.0
4 verbose run-script [ 'prestart', 'start', 'poststart' ]
5 info lifecycle tomato-clock@0.0.0~prestart: tomato-clock@0.0.0
6 silly lifecycle tomato-clock@0.0.0~prestart: no script for prestart, continuing
7 info lifecycle tomato-clock@0.0.0~start: tomato-clock@0.0.0
8 verbose lifecycle tomato-clock@0.0.0~start: unsafe-perm in lifecycle true
9 verbose lifecycle tomato-clock@0.0.0~start: PATH: /usr/local/lib/node_modules/npm/bin/node-gyp-bin:/Users/corlyone/Documents/project/tomato-clock/node_modules/.bin:/Applications/MAMP/bin/php/php7.0.13/bin:/usr/local/bin/node:/usr/local/bin:/usr/bin:/bin:/usr/sbin:/sbin
10 verbose lifecycle tomato-clock@0.0.0~start: CWD: /Users/corlyone/Documents/project/tomato-clock
11 silly lifecycle tomato-clock@0.0.0~start: Args: [ '-c', 'node ./bin/www' ]
12 silly lifecycle tomato-clock@0.0.0~start: Returned: code: 1  signal: null
13 info lifecycle tomato-clock@0.0.0~start: Failed to exec start script
14 verbose stack Error: tomato-clock@0.0.0 start: `node ./bin/www`
14 verbose stack Exit status 1
14 verbose stack     at EventEmitter.<anonymous> (/usr/local/lib/node_modules/npm/lib/utils/lifecycle.js:279:16)
14 verbose stack     at emitTwo (events.js:106:13)
14 verbose stack     at EventEmitter.emit (events.js:191:7)
14 verbose stack     at ChildProcess.<anonymous> (/usr/local/lib/node_modules/npm/lib/utils/spawn.js:40:14)
14 verbose stack     at emitTwo (events.js:106:13)
14 verbose stack     at ChildProcess.emit (events.js:191:7)
14 verbose stack     at maybeClose (internal/child_process.js:885:16)
14 verbose stack     at Process.ChildProcess._handle.onexit (internal/child_process.js:226:5)
15 verbose pkgid tomato-clock@0.0.0
16 verbose cwd /Users/corlyone/Documents/project/tomato-clock
17 error Darwin 16.4.0
18 error argv "/usr/local/bin/node" "/usr/local/bin/npm" "start"
19 error node v7.4.0
20 error npm  v4.0.5
21 error code ELIFECYCLE
22 error tomato-clock@0.0.0 start: `node ./bin/www`
22 error Exit status 1
23 error Failed at the tomato-clock@0.0.0 start script 'node ./bin/www'.
23 error Make sure you have the latest version of node.js and npm installed.
23 error If you do, this is most likely a problem with the tomato-clock package,
23 error not with npm itself.
23 error Tell the author that this fails on your system:
23 error     node ./bin/www
23 error You can get information on how to open an issue for this project with:
23 error     npm bugs tomato-clock
23 error Or if that isn't available, you can get their info via:
23 error     npm owner ls tomato-clock
23 error There is likely additional logging output above.
24 verbose exit [ 1, true ]
